<?xml version="1.0" encoding="UTF-8"?>
<!-- Generated by org.testng.reporters.JUnitReportReporter -->
<testsuite hostname="JACK-PC" failures="0" tests="6" name="test.TestFavorite" time="4.208" errors="0" timestamp="2022-03-23T01:09:59 ICT" skipped="0">
  <testcase classname="test.TestFavorite" name="testInsert2" time="0.189"/>
  <system-out/>
  <testcase classname="test.TestFavorite" name="testUpdate" time="0.001"/>
  <system-out/>
  <testcase classname="test.TestFavorite" name="testDelete1" time="3.283"/>
  <system-out/>
  <testcase classname="test.TestFavorite" name="testDelete2" time="0.223"/>
  <system-out/>
  <testcase classname="test.TestFavorite" name="testInsert1" time="0.301"/>
  <system-out/>
  <testcase classname="test.TestFavorite" name="testDelete3" time="0.211"/>
  <system-out/>
</testsuite> <!-- test.TestFavorite -->
