<?xml version="1.0" encoding="UTF-8"?>
<!-- Generated by org.testng.reporters.JUnitReportReporter -->
<testsuite hostname="JACK-PC" failures="0" tests="7" name="test.TestUserDAO" time="5.732" errors="0" timestamp="2022-03-27T22:39:12 ICT" skipped="0">
  <testcase classname="test.TestUserDAO" name="testDelete1" time="3.808"/>
  <system-out/>
  <testcase classname="test.TestUserDAO" name="testUpdate1" time="0.269"/>
  <system-out/>
  <testcase classname="test.TestUserDAO" name="testUpdate2" time="0.187"/>
  <system-out/>
  <testcase classname="test.TestUserDAO" name="testDelete2" time="0.452"/>
  <system-out/>
  <testcase classname="test.TestUserDAO" name="testInsertnull" time="0.224"/>
  <system-out/>
  <testcase classname="test.TestUserDAO" name="testInsert" time="0.471"/>
  <system-out/>
  <testcase classname="test.TestUserDAO" name="testInsert2" time="0.321"/>
  <system-out/>
</testsuite> <!-- test.TestUserDAO -->
