<?xml version="1.0" encoding="UTF-8"?>
<!-- Generated by org.testng.reporters.JUnitReportReporter -->
<testsuite hostname="DESKTOP-F6EQR4B" failures="0" tests="1" name="test.TestLoginServlet" time="0.000" errors="0" timestamp="2022-04-11T22:39:20 ICT" skipped="1">
  <testcase classname="test.TestLoginServlet" name="testLogin1" time="0.000">
    <skipped/>
  </testcase> <!-- testLogin1 -->
  <system-out/>
</testsuite> <!-- test.TestLoginServlet -->
