<?xml version="1.0" encoding="UTF-8"?>
<!-- Generated by org.testng.reporters.JUnitReportReporter -->
<testsuite hostname="DESKTOP-F6EQR4B" failures="0" tests="2" name="test.TestUserManager" time="0.000" errors="0" timestamp="2022-04-08T15:24:26 ICT" skipped="2">
  <testcase classname="test.TestUserManager" name="testdelete" time="0.000">
    <skipped/>
  </testcase> <!-- testdelete -->
  <system-out/>
  <testcase classname="test.TestUserManager" name="testRegistration" time="0.000">
    <skipped/>
  </testcase> <!-- testRegistration -->
  <system-out/>
</testsuite> <!-- test.TestUserManager -->
