<?xml version="1.0" encoding="UTF-8"?>
<!-- Generated by org.testng.reporters.JUnitReportReporter -->
<testsuite hostname="Admin-PC" failures="0" tests="7" name="test.TestUserDAO" time="4.386" errors="0" timestamp="2022-03-23T14:11:23 GMT+07:00" skipped="0">
  <testcase classname="test.TestUserDAO" name="testUpdate2" time="0.136"/>
  <system-out/>
  <testcase classname="test.TestUserDAO" name="testDelete1" time="3.106"/>
  <system-out/>
  <testcase classname="test.TestUserDAO" name="testInsert2" time="0.181"/>
  <system-out/>
  <testcase classname="test.TestUserDAO" name="testInsertnull" time="0.166"/>
  <system-out/>
  <testcase classname="test.TestUserDAO" name="testDelete2" time="0.352"/>
  <system-out/>
  <testcase classname="test.TestUserDAO" name="testInsert" time="0.270"/>
  <system-out/>
  <testcase classname="test.TestUserDAO" name="testUpdate1" time="0.175"/>
  <system-out/>
</testsuite> <!-- test.TestUserDAO -->
