<?xml version="1.0" encoding="UTF-8"?>
<!-- Generated by org.testng.reporters.JUnitReportReporter -->
<testsuite hostname="JACK-PC" failures="0" tests="4" name="test.TestLoginServlet" time="28.701" errors="0" timestamp="2022-04-07T13:03:32 ICT" skipped="0">
  <testcase classname="test.TestLoginServlet" name="testLogin1" time="4.288"/>
  <system-out/>
  <testcase classname="test.TestLoginServlet" name="testLogin1" time="12.048"/>
  <system-out/>
  <testcase classname="test.TestLoginServlet" name="testLogin1" time="8.001"/>
  <system-out/>
  <testcase classname="test.TestLoginServlet" name="testLogin1" time="4.364"/>
  <system-out/>
</testsuite> <!-- test.TestLoginServlet -->
