<?xml version="1.0" encoding="UTF-8"?>
<!-- Generated by org.testng.reporters.JUnitReportReporter -->
<testsuite hostname="Admin-PC" failures="0" tests="8" name="test.TestUserManager" time="40.081" errors="0" timestamp="2022-04-07T21:01:14 GMT+07:00" skipped="0">
  <testcase classname="test.TestUserManager" name="testRegistration" time="3.549"/>
  <system-out/>
  <testcase classname="test.TestUserManager" name="testdelete" time="3.697"/>
  <system-out/>
  <testcase classname="test.TestUserManager" name="testdelete" time="10.194"/>
  <system-out/>
  <testcase classname="test.TestUserManager" name="testRegistration" time="3.353"/>
  <system-out/>
  <testcase classname="test.TestUserManager" name="testRegistration" time="4.458"/>
  <system-out/>
  <testcase classname="test.TestUserManager" name="testdelete" time="3.319"/>
  <system-out/>
  <testcase classname="test.TestUserManager" name="testdelete" time="8.123"/>
  <system-out/>
  <testcase classname="test.TestUserManager" name="testRegistration" time="3.388"/>
  <system-out/>
</testsuite> <!-- test.TestUserManager -->
