<?xml version="1.0" encoding="UTF-8"?>
<!-- Generated by org.testng.reporters.JUnitReportReporter -->
<testsuite hostname="JACK-PC" failures="0" tests="4" name="test.TestRegistrationServlet" time="22.323" errors="0" timestamp="2022-04-07T14:47:32 ICT" skipped="0">
  <testcase classname="test.TestRegistrationServlet" name="testRegistration" time="4.581"/>
  <system-out/>
  <testcase classname="test.TestRegistrationServlet" name="testRegistration" time="7.685"/>
  <system-out/>
  <testcase classname="test.TestRegistrationServlet" name="testRegistration" time="5.599"/>
  <system-out/>
  <testcase classname="test.TestRegistrationServlet" name="testRegistration" time="4.458"/>
  <system-out/>
</testsuite> <!-- test.TestRegistrationServlet -->
