<?xml version="1.0" encoding="UTF-8"?>
<!-- Generated by org.testng.reporters.JUnitReportReporter -->
<testsuite hostname="JACK-PC" failures="0" tests="4" name="test.TestLoginServlet" time="32.634" errors="0" timestamp="2022-04-07T14:27:39 ICT" skipped="0">
  <testcase classname="test.TestLoginServlet" name="testLogin1" time="12.813"/>
  <system-out/>
  <testcase classname="test.TestLoginServlet" name="testLogin1" time="5.323"/>
  <system-out/>
  <testcase classname="test.TestLoginServlet" name="testLogin1" time="6.027"/>
  <system-out/>
  <testcase classname="test.TestLoginServlet" name="testLogin1" time="8.471"/>
  <system-out/>
</testsuite> <!-- test.TestLoginServlet -->
