<?xml version="1.0" encoding="UTF-8"?>
<!-- Generated by org.testng.reporters.JUnitReportReporter -->
<testsuite hostname="Admin-PC" failures="0" tests="9" name="test.TestFavoriteDAO" time="6.122" errors="0" timestamp="2022-03-23T13:51:57 GMT+07:00" skipped="0">
  <testcase classname="test.TestFavoriteDAO" name="testDelete3" time="0.211"/>
  <system-out/>
  <testcase classname="test.TestFavoriteDAO" name="testInsert3" time="0.171"/>
  <system-out/>
  <testcase classname="test.TestFavoriteDAO" name="testDelete2" time="0.263"/>
  <system-out/>
  <testcase classname="test.TestFavoriteDAO" name="testInsert2" time="0.179"/>
  <system-out/>
  <testcase classname="test.TestFavoriteDAO" name="testInsert1" time="0.220"/>
  <system-out/>
  <testcase classname="test.TestFavoriteDAO" name="testUpdate3" time="0.131"/>
  <system-out/>
  <testcase classname="test.TestFavoriteDAO" name="testDelete1" time="4.627"/>
  <system-out/>
  <testcase classname="test.TestFavoriteDAO" name="testUpdate2" time="0.151"/>
  <system-out/>
  <testcase classname="test.TestFavoriteDAO" name="testUpdate1" time="0.169"/>
  <system-out/>
</testsuite> <!-- test.TestFavoriteDAO -->
