<?xml version="1.0" encoding="UTF-8"?>
<!-- Generated by org.testng.reporters.JUnitReportReporter -->
<testsuite hostname="JACK-PC" failures="0" tests="9" name="test.TestFavoriteDAO" time="5.149" errors="0" timestamp="2022-03-23T01:46:22 ICT" skipped="0">
  <testcase classname="test.TestFavoriteDAO" name="testDelete3" time="0.296"/>
  <system-out/>
  <testcase classname="test.TestFavoriteDAO" name="testInsert2" time="0.235"/>
  <system-out/>
  <testcase classname="test.TestFavoriteDAO" name="testUpdate1" time="0.161"/>
  <system-out/>
  <testcase classname="test.TestFavoriteDAO" name="testDelete2" time="0.475"/>
  <system-out/>
  <testcase classname="test.TestFavoriteDAO" name="testDelete1" time="3.207"/>
  <system-out/>
  <testcase classname="test.TestFavoriteDAO" name="testInsert1" time="0.291"/>
  <system-out/>
  <testcase classname="test.TestFavoriteDAO" name="testInsert3" time="0.179"/>
  <system-out/>
  <testcase classname="test.TestFavoriteDAO" name="testUpdate2" time="0.160"/>
  <system-out/>
  <testcase classname="test.TestFavoriteDAO" name="testUpdate3" time="0.145"/>
  <system-out/>
</testsuite> <!-- test.TestFavoriteDAO -->
